<?xml version="1.0" encoding="UTF-8"?>
<!-- Generated by org.testng.reporters.JUnitReportReporter -->
<testsuite hostname="LAPTOP-A1I3V123" failures="0" tests="1" name="com.pyxispm.MediaPlanManagement.MediaPlanManagement" time="2.035" errors="0" timestamp="27 Jan 2021 11:27:41 GMT" skipped="0">
  <testcase classname="com.pyxispm.MediaPlanManagement.MediaPlanManagement" name="getMediaPlans" time="2.035"/>
</testsuite> <!-- com.pyxispm.MediaPlanManagement.MediaPlanManagement -->
