<?xml version="1.0" encoding="UTF-8"?>
<!-- Generated by org.testng.reporters.JUnitReportReporter -->
<testsuite hostname="LAPTOP-A1I3V123" failures="0" tests="2" name="com.pyxispm.Examples.TestExamples" time="2.910" errors="0" timestamp="27 Jan 2021 15:55:46 GMT" skipped="0">
  <testcase classname="com.pyxispm.Examples.TestExamples" name="testPatch" time="0.652"/>
  <testcase classname="com.pyxispm.Examples.TestExamples" name="testDelete" time="2.258"/>
</testsuite> <!-- com.pyxispm.Examples.TestExamples -->
