<?xml version="1.0" encoding="UTF-8"?>
<!-- Generated by org.testng.reporters.JUnitReportReporter -->
<testsuite hostname="LAPTOP-A1I3V123" failures="0" tests="1" name="com.pyxispm.MediaPlanManagement.getMediaPlans" time="1.974" errors="0" timestamp="27 Jan 2021 17:16:39 GMT" skipped="0">
  <testcase classname="com.pyxispm.MediaPlanManagement.getMediaPlans" name="getMediaPlans" time="1.974"/>
</testsuite> <!-- com.pyxispm.MediaPlanManagement.getMediaPlans -->
